# Logfile created on 2024-04-22 13:26:33 +0000 by logger.rb/v1.5.0
{"severity":"DEBUG","time":"2024-04-22T13:26:33.072Z","message":"ActiveRecord connection established"}
{"severity":"INFO","time":"2024-04-22T13:26:55.576Z","message":"Syncing dynamic postgres partitions"}
{"severity":"DEBUG","time":"2024-04-22T13:26:56.255Z","message":"Switched database connection","connection_name":"main"}
{"severity":"INFO","time":"2024-04-22T13:26:56.301Z","message":"Checking state of dynamic postgres partitions","table_name":"audit_events","connection_name":"main"}
{"severity":"INFO","time":"2024-04-22T13:26:56.402Z","method":"with_lock_retries","class":"Gitlab::Database::Partitioning::PartitionManager","message":"Lock timeout is set","current_iteration":1,"lock_timeout_in_ms":100}
{"severity":"INFO","time":"2024-04-22T13:26:56.465Z","message":"Created partition","partition_name":"audit_events_000000","table_name":"audit_events"}
{"severity":"INFO","time":"2024-04-22T13:26:56.480Z","message":"Created partition","partition_name":"audit_events_202404","table_name":"audit_events"}
{"severity":"INFO","time":"2024-04-22T13:26:56.492Z","message":"Created partition","partition_name":"audit_events_202405","table_name":"audit_events"}
{"severity":"INFO","time":"2024-04-22T13:26:56.502Z","message":"Created partition","partition_name":"audit_events_202406","table_name":"audit_events"}
{"severity":"INFO","time":"2024-04-22T13:26:56.511Z","message":"Created partition","partition_name":"audit_events_202407","table_name":"audit_events"}
{"severity":"INFO","time":"2024-04-22T13:26:56.520Z","message":"Created partition","partition_name":"audit_events_202408","table_name":"audit_events"}
{"severity":"INFO","time":"2024-04-22T13:26:56.532Z","message":"Created partition","partition_name":"audit_events_202409","table_name":"audit_events"}
{"severity":"INFO","time":"2024-04-22T13:26:56.543Z","message":"Created partition","partition_name":"audit_events_202410","table_name":"audit_events"}
{"severity":"INFO","time":"2024-04-22T13:26:56.543Z","method":"with_lock_retries","class":"Gitlab::Database::Partitioning::PartitionManager","message":"Migration finished","current_iteration":1,"lock_timeout_in_ms":100}
{"severity":"DEBUG","time":"2024-04-22T13:26:56.568Z","message":"Switched database connection","connection_name":"main"}
{"severity":"INFO","time":"2024-04-22T13:26:56.576Z","message":"Checking state of dynamic postgres partitions","table_name":"p_batched_git_ref_updates_deletions","connection_name":"main"}
{"severity":"INFO","time":"2024-04-22T13:26:56.628Z","method":"with_lock_retries","class":"Gitlab::Database::Partitioning::PartitionManager","message":"Lock timeout is set","current_iteration":1,"lock_timeout_in_ms":100}
{"severity":"INFO","time":"2024-04-22T13:26:56.640Z","message":"Created partition","partition_name":"p_batched_git_ref_updates_deletions_1","table_name":"p_batched_git_ref_updates_deletions"}
{"severity":"INFO","time":"2024-04-22T13:26:56.660Z","method":"with_lock_retries","class":"Gitlab::Database::Partitioning::PartitionManager","message":"Migration finished","current_iteration":1,"lock_timeout_in_ms":100}
{"severity":"DEBUG","time":"2024-04-22T13:26:56.663Z","message":"Switched database connection","connection_name":"ci"}
{"severity":"INFO","time":"2024-04-22T13:26:56.697Z","message":"Checking state of dynamic postgres partitions","table_name":"p_ci_builds_metadata","connection_name":"ci"}
{"severity":"INFO","time":"2024-04-22T13:26:56.733Z","method":"with_lock_retries","class":"Gitlab::Database::Partitioning::PartitionManager","message":"Lock timeout is set","current_iteration":1,"lock_timeout_in_ms":100}
{"severity":"INFO","time":"2024-04-22T13:26:56.773Z","message":"Created partition","partition_name":"ci_builds_metadata_101","table_name":"p_ci_builds_metadata"}
{"severity":"INFO","time":"2024-04-22T13:26:56.775Z","method":"with_lock_retries","class":"Gitlab::Database::Partitioning::PartitionManager","message":"Migration finished","current_iteration":1,"lock_timeout_in_ms":100}
{"severity":"DEBUG","time":"2024-04-22T13:26:56.836Z","message":"Switched database connection","connection_name":"ci"}
{"severity":"INFO","time":"2024-04-22T13:26:56.841Z","message":"Checking state of dynamic postgres partitions","table_name":"p_ci_build_names","connection_name":"ci"}
{"severity":"INFO","time":"2024-04-22T13:26:56.868Z","method":"with_lock_retries","class":"Gitlab::Database::Partitioning::PartitionManager","message":"Lock timeout is set","current_iteration":1,"lock_timeout_in_ms":100}
{"severity":"INFO","time":"2024-04-22T13:26:56.881Z","message":"Created partition","partition_name":"ci_build_names_100","table_name":"p_ci_build_names"}
{"severity":"INFO","time":"2024-04-22T13:26:56.890Z","message":"Created partition","partition_name":"ci_build_names_101","table_name":"p_ci_build_names"}
{"severity":"INFO","time":"2024-04-22T13:26:56.890Z","method":"with_lock_retries","class":"Gitlab::Database::Partitioning::PartitionManager","message":"Migration finished","current_iteration":1,"lock_timeout_in_ms":100}
{"severity":"DEBUG","time":"2024-04-22T13:26:56.912Z","message":"Switched database connection","connection_name":"main"}
{"severity":"INFO","time":"2024-04-22T13:26:56.918Z","message":"Checking state of dynamic postgres partitions","table_name":"p_catalog_resource_component_usages","connection_name":"main"}
{"severity":"INFO","time":"2024-04-22T13:26:56.954Z","method":"with_lock_retries","class":"Gitlab::Database::Partitioning::PartitionManager","message":"Lock timeout is set","current_iteration":1,"lock_timeout_in_ms":100}
{"severity":"INFO","time":"2024-04-22T13:26:56.983Z","message":"Created partition","partition_name":"p_catalog_resource_component_usages_202304","table_name":"p_catalog_resource_component_usages"}
{"severity":"INFO","time":"2024-04-22T13:26:56.993Z","message":"Created partition","partition_name":"p_catalog_resource_component_usages_202305","table_name":"p_catalog_resource_component_usages"}
{"severity":"INFO","time":"2024-04-22T13:26:57.001Z","message":"Created partition","partition_name":"p_catalog_resource_component_usages_202306","table_name":"p_catalog_resource_component_usages"}
{"severity":"INFO","time":"2024-04-22T13:26:57.017Z","message":"Created partition","partition_name":"p_catalog_resource_component_usages_202307","table_name":"p_catalog_resource_component_usages"}
{"severity":"INFO","time":"2024-04-22T13:26:57.026Z","message":"Created partition","partition_name":"p_catalog_resource_component_usages_202308","table_name":"p_catalog_resource_component_usages"}
{"severity":"INFO","time":"2024-04-22T13:26:57.034Z","message":"Created partition","partition_name":"p_catalog_resource_component_usages_202309","table_name":"p_catalog_resource_component_usages"}
{"severity":"INFO","time":"2024-04-22T13:26:57.043Z","message":"Created partition","partition_name":"p_catalog_resource_component_usages_202310","table_name":"p_catalog_resource_component_usages"}
{"severity":"INFO","time":"2024-04-22T13:26:57.052Z","message":"Created partition","partition_name":"p_catalog_resource_component_usages_202311","table_name":"p_catalog_resource_component_usages"}
{"severity":"INFO","time":"2024-04-22T13:26:57.059Z","message":"Created partition","partition_name":"p_catalog_resource_component_usages_202312","table_name":"p_catalog_resource_component_usages"}
{"severity":"INFO","time":"2024-04-22T13:26:57.066Z","message":"Created partition","partition_name":"p_catalog_resource_component_usages_202401","table_name":"p_catalog_resource_component_usages"}
{"severity":"INFO","time":"2024-04-22T13:26:57.078Z","message":"Created partition","partition_name":"p_catalog_resource_component_usages_202402","table_name":"p_catalog_resource_component_usages"}
{"severity":"INFO","time":"2024-04-22T13:26:57.087Z","message":"Created partition","partition_name":"p_catalog_resource_component_usages_202403","table_name":"p_catalog_resource_component_usages"}
{"severity":"INFO","time":"2024-04-22T13:26:57.095Z","message":"Created partition","partition_name":"p_catalog_resource_component_usages_202404","table_name":"p_catalog_resource_component_usages"}
{"severity":"INFO","time":"2024-04-22T13:26:57.103Z","message":"Created partition","partition_name":"p_catalog_resource_component_usages_202405","table_name":"p_catalog_resource_component_usages"}
{"severity":"INFO","time":"2024-04-22T13:26:57.112Z","message":"Created partition","partition_name":"p_catalog_resource_component_usages_202406","table_name":"p_catalog_resource_component_usages"}
{"severity":"INFO","time":"2024-04-22T13:26:57.122Z","message":"Created partition","partition_name":"p_catalog_resource_component_usages_202407","table_name":"p_catalog_resource_component_usages"}
{"severity":"INFO","time":"2024-04-22T13:26:57.131Z","message":"Created partition","partition_name":"p_catalog_resource_component_usages_202408","table_name":"p_catalog_resource_component_usages"}
{"severity":"INFO","time":"2024-04-22T13:26:57.139Z","message":"Created partition","partition_name":"p_catalog_resource_component_usages_202409","table_name":"p_catalog_resource_component_usages"}
{"severity":"INFO","time":"2024-04-22T13:26:57.147Z","message":"Created partition","partition_name":"p_catalog_resource_component_usages_202410","table_name":"p_catalog_resource_component_usages"}
{"severity":"INFO","time":"2024-04-22T13:26:57.148Z","method":"with_lock_retries","class":"Gitlab::Database::Partitioning::PartitionManager","message":"Migration finished","current_iteration":1,"lock_timeout_in_ms":100}
{"severity":"DEBUG","time":"2024-04-22T13:26:57.185Z","message":"Switched database connection","connection_name":"main"}
{"severity":"INFO","time":"2024-04-22T13:26:57.194Z","message":"Checking state of dynamic postgres partitions","table_name":"p_catalog_resource_sync_events","connection_name":"main"}
{"severity":"INFO","time":"2024-04-22T13:26:57.231Z","method":"with_lock_retries","class":"Gitlab::Database::Partitioning::PartitionManager","message":"Lock timeout is set","current_iteration":1,"lock_timeout_in_ms":100}
{"severity":"INFO","time":"2024-04-22T13:26:57.238Z","message":"Created partition","partition_name":"p_catalog_resource_sync_events_1","table_name":"p_catalog_resource_sync_events"}
{"severity":"INFO","time":"2024-04-22T13:26:57.254Z","method":"with_lock_retries","class":"Gitlab::Database::Partitioning::PartitionManager","message":"Migration finished","current_iteration":1,"lock_timeout_in_ms":100}
{"severity":"DEBUG","time":"2024-04-22T13:26:57.256Z","message":"Switched database connection","connection_name":"ci"}
{"severity":"INFO","time":"2024-04-22T13:26:57.261Z","message":"Checking state of dynamic postgres partitions","table_name":"p_ci_job_annotations","connection_name":"ci"}
{"severity":"INFO","time":"2024-04-22T13:26:57.291Z","method":"with_lock_retries","class":"Gitlab::Database::Partitioning::PartitionManager","message":"Lock timeout is set","current_iteration":1,"lock_timeout_in_ms":100}
{"severity":"INFO","time":"2024-04-22T13:26:57.302Z","message":"Created partition","partition_name":"ci_job_annotations_100","table_name":"p_ci_job_annotations"}
{"severity":"INFO","time":"2024-04-22T13:26:57.312Z","message":"Created partition","partition_name":"ci_job_annotations_101","table_name":"p_ci_job_annotations"}
{"severity":"INFO","time":"2024-04-22T13:26:57.312Z","method":"with_lock_retries","class":"Gitlab::Database::Partitioning::PartitionManager","message":"Migration finished","current_iteration":1,"lock_timeout_in_ms":100}
{"severity":"DEBUG","time":"2024-04-22T13:26:57.354Z","message":"Switched database connection","connection_name":"ci"}
{"severity":"INFO","time":"2024-04-22T13:26:57.359Z","message":"Checking state of dynamic postgres partitions","table_name":"p_ci_job_artifacts","connection_name":"ci"}
{"severity":"DEBUG","time":"2024-04-22T13:26:57.397Z","message":"Switched database connection","connection_name":"ci"}
{"severity":"INFO","time":"2024-04-22T13:26:57.403Z","message":"Checking state of dynamic postgres partitions","table_name":"p_ci_pipeline_variables","connection_name":"ci"}
{"severity":"DEBUG","time":"2024-04-22T13:26:57.435Z","message":"Switched database connection","connection_name":"ci"}
{"severity":"INFO","time":"2024-04-22T13:26:57.438Z","message":"Checking state of dynamic postgres partitions","table_name":"p_ci_runner_machine_builds","connection_name":"ci"}
{"severity":"INFO","time":"2024-04-22T13:26:57.464Z","method":"with_lock_retries","class":"Gitlab::Database::Partitioning::PartitionManager","message":"Lock timeout is set","current_iteration":1,"lock_timeout_in_ms":100}
{"severity":"INFO","time":"2024-04-22T13:26:57.474Z","message":"Created partition","partition_name":"ci_runner_machine_builds_100","table_name":"p_ci_runner_machine_builds"}
{"severity":"INFO","time":"2024-04-22T13:26:57.482Z","message":"Created partition","partition_name":"ci_runner_machine_builds_101","table_name":"p_ci_runner_machine_builds"}
{"severity":"INFO","time":"2024-04-22T13:26:57.482Z","method":"with_lock_retries","class":"Gitlab::Database::Partitioning::PartitionManager","message":"Migration finished","current_iteration":1,"lock_timeout_in_ms":100}
{"severity":"DEBUG","time":"2024-04-22T13:26:57.499Z","message":"Switched database connection","connection_name":"ci"}
{"severity":"INFO","time":"2024-04-22T13:26:57.505Z","message":"Checking state of dynamic postgres partitions","table_name":"p_ci_stages","connection_name":"ci"}
{"severity":"DEBUG","time":"2024-04-22T13:26:57.542Z","message":"Switched database connection","connection_name":"ci"}
{"severity":"INFO","time":"2024-04-22T13:26:57.547Z","message":"Checking state of dynamic postgres partitions","table_name":"p_ci_builds","connection_name":"ci"}
{"severity":"INFO","time":"2024-04-22T13:26:57.575Z","method":"with_lock_retries","class":"Gitlab::Database::Partitioning::PartitionManager","message":"Lock timeout is set","current_iteration":1,"lock_timeout_in_ms":100}
{"severity":"INFO","time":"2024-04-22T13:26:57.636Z","message":"Created partition","partition_name":"ci_builds_101","table_name":"p_ci_builds"}
{"severity":"INFO","time":"2024-04-22T13:26:57.637Z","method":"with_lock_retries","class":"Gitlab::Database::Partitioning::PartitionManager","message":"Migration finished","current_iteration":1,"lock_timeout_in_ms":100}
{"severity":"DEBUG","time":"2024-04-22T13:26:57.683Z","message":"Switched database connection","connection_name":"main"}
{"severity":"INFO","time":"2024-04-22T13:26:57.690Z","message":"Checking state of dynamic postgres partitions","table_name":"batched_background_migration_job_transition_logs","connection_name":"main"}
{"severity":"INFO","time":"2024-04-22T13:26:57.726Z","method":"with_lock_retries","class":"Gitlab::Database::Partitioning::PartitionManager","message":"Lock timeout is set","current_iteration":1,"lock_timeout_in_ms":100}
{"severity":"INFO","time":"2024-04-22T13:26:57.739Z","message":"Created partition","partition_name":"batched_background_migration_job_transition_logs_202310","table_name":"batched_background_migration_job_transition_logs"}
{"severity":"INFO","time":"2024-04-22T13:26:57.748Z","message":"Created partition","partition_name":"batched_background_migration_job_transition_logs_202311","table_name":"batched_background_migration_job_transition_logs"}
{"severity":"INFO","time":"2024-04-22T13:26:57.755Z","message":"Created partition","partition_name":"batched_background_migration_job_transition_logs_202312","table_name":"batched_background_migration_job_transition_logs"}
{"severity":"INFO","time":"2024-04-22T13:26:57.765Z","message":"Created partition","partition_name":"batched_background_migration_job_transition_logs_202401","table_name":"batched_background_migration_job_transition_logs"}
{"severity":"INFO","time":"2024-04-22T13:26:57.772Z","message":"Created partition","partition_name":"batched_background_migration_job_transition_logs_202402","table_name":"batched_background_migration_job_transition_logs"}
{"severity":"INFO","time":"2024-04-22T13:26:57.779Z","message":"Created partition","partition_name":"batched_background_migration_job_transition_logs_202403","table_name":"batched_background_migration_job_transition_logs"}
{"severity":"INFO","time":"2024-04-22T13:26:57.787Z","message":"Created partition","partition_name":"batched_background_migration_job_transition_logs_202404","table_name":"batched_background_migration_job_transition_logs"}
{"severity":"INFO","time":"2024-04-22T13:26:57.794Z","message":"Created partition","partition_name":"batched_background_migration_job_transition_logs_202405","table_name":"batched_background_migration_job_transition_logs"}
{"severity":"INFO","time":"2024-04-22T13:26:57.800Z","message":"Created partition","partition_name":"batched_background_migration_job_transition_logs_202406","table_name":"batched_background_migration_job_transition_logs"}
{"severity":"INFO","time":"2024-04-22T13:26:57.807Z","message":"Created partition","partition_name":"batched_background_migration_job_transition_logs_202407","table_name":"batched_background_migration_job_transition_logs"}
{"severity":"INFO","time":"2024-04-22T13:26:57.814Z","message":"Created partition","partition_name":"batched_background_migration_job_transition_logs_202408","table_name":"batched_background_migration_job_transition_logs"}
{"severity":"INFO","time":"2024-04-22T13:26:57.824Z","message":"Created partition","partition_name":"batched_background_migration_job_transition_logs_202409","table_name":"batched_background_migration_job_transition_logs"}
{"severity":"INFO","time":"2024-04-22T13:26:57.831Z","message":"Created partition","partition_name":"batched_background_migration_job_transition_logs_202410","table_name":"batched_background_migration_job_transition_logs"}
{"severity":"INFO","time":"2024-04-22T13:26:57.831Z","method":"with_lock_retries","class":"Gitlab::Database::Partitioning::PartitionManager","message":"Migration finished","current_iteration":1,"lock_timeout_in_ms":100}
{"severity":"DEBUG","time":"2024-04-22T13:26:57.851Z","message":"Switched database connection","connection_name":"ci"}
{"severity":"INFO","time":"2024-04-22T13:26:57.858Z","message":"Checking state of dynamic postgres partitions","table_name":"batched_background_migration_job_transition_logs","connection_name":"ci"}
{"severity":"DEBUG","time":"2024-04-22T13:26:57.922Z","message":"Switched database connection","connection_name":"main"}
{"severity":"INFO","time":"2024-04-22T13:26:57.928Z","message":"Checking state of dynamic postgres partitions","table_name":"loose_foreign_keys_deleted_records","connection_name":"main"}
{"severity":"INFO","time":"2024-04-22T13:26:57.975Z","method":"with_lock_retries","class":"Gitlab::Database::Partitioning::PartitionManager","message":"Lock timeout is set","current_iteration":1,"lock_timeout_in_ms":100}
{"severity":"INFO","time":"2024-04-22T13:26:57.989Z","message":"Created partition","partition_name":"loose_foreign_keys_deleted_records_1","table_name":"loose_foreign_keys_deleted_records"}
{"severity":"INFO","time":"2024-04-22T13:26:58.004Z","method":"with_lock_retries","class":"Gitlab::Database::Partitioning::PartitionManager","message":"Migration finished","current_iteration":1,"lock_timeout_in_ms":100}
{"severity":"DEBUG","time":"2024-04-22T13:26:58.007Z","message":"Switched database connection","connection_name":"ci"}
{"severity":"INFO","time":"2024-04-22T13:26:58.012Z","message":"Checking state of dynamic postgres partitions","table_name":"loose_foreign_keys_deleted_records","connection_name":"ci"}
{"severity":"DEBUG","time":"2024-04-22T13:26:58.086Z","message":"Switched database connection","connection_name":"main"}
{"severity":"INFO","time":"2024-04-22T13:26:58.091Z","message":"Checking state of dynamic postgres partitions","table_name":"groups_visits","connection_name":"main"}
{"severity":"INFO","time":"2024-04-22T13:26:58.132Z","method":"with_lock_retries","class":"Gitlab::Database::Partitioning::PartitionManager","message":"Lock timeout is set","current_iteration":1,"lock_timeout_in_ms":100}
{"severity":"INFO","time":"2024-04-22T13:26:58.178Z","message":"Created partition","partition_name":"groups_visits_202401","table_name":"groups_visits"}
{"severity":"INFO","time":"2024-04-22T13:26:58.185Z","message":"Created partition","partition_name":"groups_visits_202402","table_name":"groups_visits"}
{"severity":"INFO","time":"2024-04-22T13:26:58.190Z","message":"Created partition","partition_name":"groups_visits_202403","table_name":"groups_visits"}
{"severity":"INFO","time":"2024-04-22T13:26:58.195Z","message":"Created partition","partition_name":"groups_visits_202404","table_name":"groups_visits"}
{"severity":"INFO","time":"2024-04-22T13:26:58.200Z","message":"Created partition","partition_name":"groups_visits_202405","table_name":"groups_visits"}
{"severity":"INFO","time":"2024-04-22T13:26:58.205Z","message":"Created partition","partition_name":"groups_visits_202406","table_name":"groups_visits"}
{"severity":"INFO","time":"2024-04-22T13:26:58.209Z","message":"Created partition","partition_name":"groups_visits_202407","table_name":"groups_visits"}
{"severity":"INFO","time":"2024-04-22T13:26:58.215Z","message":"Created partition","partition_name":"groups_visits_202408","table_name":"groups_visits"}
{"severity":"INFO","time":"2024-04-22T13:26:58.219Z","message":"Created partition","partition_name":"groups_visits_202409","table_name":"groups_visits"}
{"severity":"INFO","time":"2024-04-22T13:26:58.224Z","message":"Created partition","partition_name":"groups_visits_202410","table_name":"groups_visits"}
{"severity":"INFO","time":"2024-04-22T13:26:58.225Z","method":"with_lock_retries","class":"Gitlab::Database::Partitioning::PartitionManager","message":"Migration finished","current_iteration":1,"lock_timeout_in_ms":100}
{"severity":"DEBUG","time":"2024-04-22T13:26:58.241Z","message":"Switched database connection","connection_name":"main"}
{"severity":"INFO","time":"2024-04-22T13:26:58.247Z","message":"Checking state of dynamic postgres partitions","table_name":"projects_visits","connection_name":"main"}
{"severity":"INFO","time":"2024-04-22T13:26:58.297Z","method":"with_lock_retries","class":"Gitlab::Database::Partitioning::PartitionManager","message":"Lock timeout is set","current_iteration":1,"lock_timeout_in_ms":100}
{"severity":"INFO","time":"2024-04-22T13:26:58.309Z","message":"Created partition","partition_name":"projects_visits_202401","table_name":"projects_visits"}
{"severity":"INFO","time":"2024-04-22T13:26:58.315Z","message":"Created partition","partition_name":"projects_visits_202402","table_name":"projects_visits"}
{"severity":"INFO","time":"2024-04-22T13:26:58.320Z","message":"Created partition","partition_name":"projects_visits_202403","table_name":"projects_visits"}
{"severity":"INFO","time":"2024-04-22T13:26:58.324Z","message":"Created partition","partition_name":"projects_visits_202404","table_name":"projects_visits"}
{"severity":"INFO","time":"2024-04-22T13:26:58.329Z","message":"Created partition","partition_name":"projects_visits_202405","table_name":"projects_visits"}
{"severity":"INFO","time":"2024-04-22T13:26:58.333Z","message":"Created partition","partition_name":"projects_visits_202406","table_name":"projects_visits"}
{"severity":"INFO","time":"2024-04-22T13:26:58.341Z","message":"Created partition","partition_name":"projects_visits_202407","table_name":"projects_visits"}
{"severity":"INFO","time":"2024-04-22T13:26:58.347Z","message":"Created partition","partition_name":"projects_visits_202408","table_name":"projects_visits"}
{"severity":"INFO","time":"2024-04-22T13:26:58.353Z","message":"Created partition","partition_name":"projects_visits_202409","table_name":"projects_visits"}
{"severity":"INFO","time":"2024-04-22T13:26:58.358Z","message":"Created partition","partition_name":"projects_visits_202410","table_name":"projects_visits"}
{"severity":"INFO","time":"2024-04-22T13:26:58.358Z","method":"with_lock_retries","class":"Gitlab::Database::Partitioning::PartitionManager","message":"Migration finished","current_iteration":1,"lock_timeout_in_ms":100}
{"severity":"DEBUG","time":"2024-04-22T13:26:58.372Z","message":"Switched database connection","connection_name":"main"}
{"severity":"INFO","time":"2024-04-22T13:26:58.378Z","message":"Checking state of dynamic postgres partitions","table_name":"web_hook_logs","connection_name":"main"}
{"severity":"INFO","time":"2024-04-22T13:26:58.428Z","method":"with_lock_retries","class":"Gitlab::Database::Partitioning::PartitionManager","message":"Lock timeout is set","current_iteration":1,"lock_timeout_in_ms":100}
{"severity":"INFO","time":"2024-04-22T13:26:58.440Z","message":"Created partition","partition_name":"web_hook_logs_202401","table_name":"web_hook_logs"}
{"severity":"INFO","time":"2024-04-22T13:26:58.447Z","message":"Created partition","partition_name":"web_hook_logs_202402","table_name":"web_hook_logs"}
{"severity":"INFO","time":"2024-04-22T13:26:58.453Z","message":"Created partition","partition_name":"web_hook_logs_202403","table_name":"web_hook_logs"}
{"severity":"INFO","time":"2024-04-22T13:26:58.460Z","message":"Created partition","partition_name":"web_hook_logs_202404","table_name":"web_hook_logs"}
{"severity":"INFO","time":"2024-04-22T13:26:58.474Z","message":"Created partition","partition_name":"web_hook_logs_202405","table_name":"web_hook_logs"}
{"severity":"INFO","time":"2024-04-22T13:26:58.481Z","message":"Created partition","partition_name":"web_hook_logs_202406","table_name":"web_hook_logs"}
{"severity":"INFO","time":"2024-04-22T13:26:58.487Z","message":"Created partition","partition_name":"web_hook_logs_202407","table_name":"web_hook_logs"}
{"severity":"INFO","time":"2024-04-22T13:26:58.494Z","message":"Created partition","partition_name":"web_hook_logs_202408","table_name":"web_hook_logs"}
{"severity":"INFO","time":"2024-04-22T13:26:58.500Z","message":"Created partition","partition_name":"web_hook_logs_202409","table_name":"web_hook_logs"}
{"severity":"INFO","time":"2024-04-22T13:26:58.506Z","message":"Created partition","partition_name":"web_hook_logs_202410","table_name":"web_hook_logs"}
{"severity":"INFO","time":"2024-04-22T13:26:58.506Z","method":"with_lock_retries","class":"Gitlab::Database::Partitioning::PartitionManager","message":"Migration finished","current_iteration":1,"lock_timeout_in_ms":100}
{"severity":"DEBUG","time":"2024-04-22T13:26:58.529Z","message":"Switched database connection","connection_name":"main"}
{"severity":"INFO","time":"2024-04-22T13:26:58.535Z","message":"Checking state of dynamic postgres partitions","table_name":"incident_management_pending_alert_escalations","connection_name":"main"}
{"severity":"INFO","time":"2024-04-22T13:26:58.646Z","method":"with_lock_retries","class":"Gitlab::Database::Partitioning::PartitionManager","message":"Lock timeout is set","current_iteration":1,"lock_timeout_in_ms":100}
{"severity":"INFO","time":"2024-04-22T13:26:58.659Z","message":"Created partition","partition_name":"incident_management_pending_alert_escalations_000000","table_name":"incident_management_pending_alert_escalations"}
{"severity":"INFO","time":"2024-04-22T13:26:58.671Z","message":"Created partition","partition_name":"incident_management_pending_alert_escalations_202404","table_name":"incident_management_pending_alert_escalations"}
{"severity":"INFO","time":"2024-04-22T13:26:58.678Z","message":"Created partition","partition_name":"incident_management_pending_alert_escalations_202405","table_name":"incident_management_pending_alert_escalations"}
{"severity":"INFO","time":"2024-04-22T13:26:58.686Z","message":"Created partition","partition_name":"incident_management_pending_alert_escalations_202406","table_name":"incident_management_pending_alert_escalations"}
{"severity":"INFO","time":"2024-04-22T13:26:58.698Z","message":"Created partition","partition_name":"incident_management_pending_alert_escalations_202407","table_name":"incident_management_pending_alert_escalations"}
{"severity":"INFO","time":"2024-04-22T13:26:58.707Z","message":"Created partition","partition_name":"incident_management_pending_alert_escalations_202408","table_name":"incident_management_pending_alert_escalations"}
{"severity":"INFO","time":"2024-04-22T13:26:58.716Z","message":"Created partition","partition_name":"incident_management_pending_alert_escalations_202409","table_name":"incident_management_pending_alert_escalations"}
{"severity":"INFO","time":"2024-04-22T13:26:58.723Z","message":"Created partition","partition_name":"incident_management_pending_alert_escalations_202410","table_name":"incident_management_pending_alert_escalations"}
{"severity":"INFO","time":"2024-04-22T13:26:58.723Z","method":"with_lock_retries","class":"Gitlab::Database::Partitioning::PartitionManager","message":"Migration finished","current_iteration":1,"lock_timeout_in_ms":100}
{"severity":"DEBUG","time":"2024-04-22T13:26:58.735Z","message":"Switched database connection","connection_name":"main"}
{"severity":"INFO","time":"2024-04-22T13:26:58.742Z","message":"Checking state of dynamic postgres partitions","table_name":"incident_management_pending_issue_escalations","connection_name":"main"}
{"severity":"INFO","time":"2024-04-22T13:26:58.789Z","method":"with_lock_retries","class":"Gitlab::Database::Partitioning::PartitionManager","message":"Lock timeout is set","current_iteration":1,"lock_timeout_in_ms":100}
{"severity":"INFO","time":"2024-04-22T13:26:58.801Z","message":"Created partition","partition_name":"incident_management_pending_issue_escalations_000000","table_name":"incident_management_pending_issue_escalations"}
{"severity":"INFO","time":"2024-04-22T13:26:58.811Z","message":"Created partition","partition_name":"incident_management_pending_issue_escalations_202404","table_name":"incident_management_pending_issue_escalations"}
{"severity":"INFO","time":"2024-04-22T13:26:58.818Z","message":"Created partition","partition_name":"incident_management_pending_issue_escalations_202405","table_name":"incident_management_pending_issue_escalations"}
{"severity":"INFO","time":"2024-04-22T13:26:58.824Z","message":"Created partition","partition_name":"incident_management_pending_issue_escalations_202406","table_name":"incident_management_pending_issue_escalations"}
{"severity":"INFO","time":"2024-04-22T13:26:58.830Z","message":"Created partition","partition_name":"incident_management_pending_issue_escalations_202407","table_name":"incident_management_pending_issue_escalations"}
{"severity":"INFO","time":"2024-04-22T13:26:58.836Z","message":"Created partition","partition_name":"incident_management_pending_issue_escalations_202408","table_name":"incident_management_pending_issue_escalations"}
{"severity":"INFO","time":"2024-04-22T13:26:58.843Z","message":"Created partition","partition_name":"incident_management_pending_issue_escalations_202409","table_name":"incident_management_pending_issue_escalations"}
{"severity":"INFO","time":"2024-04-22T13:26:58.848Z","message":"Created partition","partition_name":"incident_management_pending_issue_escalations_202410","table_name":"incident_management_pending_issue_escalations"}
{"severity":"INFO","time":"2024-04-22T13:26:58.849Z","method":"with_lock_retries","class":"Gitlab::Database::Partitioning::PartitionManager","message":"Migration finished","current_iteration":1,"lock_timeout_in_ms":100}
{"severity":"DEBUG","time":"2024-04-22T13:26:58.859Z","message":"Switched database connection","connection_name":"main"}
{"severity":"INFO","time":"2024-04-22T13:26:58.864Z","message":"Checking state of dynamic postgres partitions","table_name":"verification_codes","connection_name":"main"}
{"severity":"INFO","time":"2024-04-22T13:26:58.912Z","method":"with_lock_retries","class":"Gitlab::Database::Partitioning::PartitionManager","message":"Lock timeout is set","current_iteration":1,"lock_timeout_in_ms":100}
{"severity":"INFO","time":"2024-04-22T13:26:58.924Z","message":"Created partition","partition_name":"verification_codes_000000","table_name":"verification_codes"}
{"severity":"INFO","time":"2024-04-22T13:26:58.931Z","message":"Created partition","partition_name":"verification_codes_202404","table_name":"verification_codes"}
{"severity":"INFO","time":"2024-04-22T13:26:58.938Z","message":"Created partition","partition_name":"verification_codes_202405","table_name":"verification_codes"}
{"severity":"INFO","time":"2024-04-22T13:26:58.945Z","message":"Created partition","partition_name":"verification_codes_202406","table_name":"verification_codes"}
{"severity":"INFO","time":"2024-04-22T13:26:58.953Z","message":"Created partition","partition_name":"verification_codes_202407","table_name":"verification_codes"}
{"severity":"INFO","time":"2024-04-22T13:26:58.960Z","message":"Created partition","partition_name":"verification_codes_202408","table_name":"verification_codes"}
{"severity":"INFO","time":"2024-04-22T13:26:58.968Z","message":"Created partition","partition_name":"verification_codes_202409","table_name":"verification_codes"}
{"severity":"INFO","time":"2024-04-22T13:26:58.974Z","message":"Created partition","partition_name":"verification_codes_202410","table_name":"verification_codes"}
{"severity":"INFO","time":"2024-04-22T13:26:58.975Z","method":"with_lock_retries","class":"Gitlab::Database::Partitioning::PartitionManager","message":"Migration finished","current_iteration":1,"lock_timeout_in_ms":100}
{"severity":"DEBUG","time":"2024-04-22T13:26:58.988Z","message":"Switched database connection","connection_name":"main"}
{"severity":"INFO","time":"2024-04-22T13:26:58.994Z","message":"Checking state of dynamic postgres partitions","table_name":"merge_request_diff_commits_b5377a7a34","connection_name":"main"}
{"severity":"INFO","time":"2024-04-22T13:26:59.040Z","method":"with_lock_retries","class":"Gitlab::Database::Partitioning::PartitionManager","message":"Lock timeout is set","current_iteration":1,"lock_timeout_in_ms":100}
{"severity":"INFO","time":"2024-04-22T13:26:59.047Z","message":"Created partition","partition_name":"merge_request_diff_commits_b5377a7a34_1","table_name":"merge_request_diff_commits_b5377a7a34"}
{"severity":"INFO","time":"2024-04-22T13:26:59.052Z","message":"Created partition","partition_name":"merge_request_diff_commits_b5377a7a34_200000001","table_name":"merge_request_diff_commits_b5377a7a34"}
{"severity":"INFO","time":"2024-04-22T13:26:59.056Z","message":"Created partition","partition_name":"merge_request_diff_commits_b5377a7a34_400000001","table_name":"merge_request_diff_commits_b5377a7a34"}
{"severity":"INFO","time":"2024-04-22T13:26:59.061Z","message":"Created partition","partition_name":"merge_request_diff_commits_b5377a7a34_600000001","table_name":"merge_request_diff_commits_b5377a7a34"}
{"severity":"INFO","time":"2024-04-22T13:26:59.068Z","message":"Created partition","partition_name":"merge_request_diff_commits_b5377a7a34_800000001","table_name":"merge_request_diff_commits_b5377a7a34"}
{"severity":"INFO","time":"2024-04-22T13:26:59.073Z","message":"Created partition","partition_name":"merge_request_diff_commits_b5377a7a34_1000000001","table_name":"merge_request_diff_commits_b5377a7a34"}
{"severity":"INFO","time":"2024-04-22T13:26:59.073Z","method":"with_lock_retries","class":"Gitlab::Database::Partitioning::PartitionManager","message":"Migration finished","current_iteration":1,"lock_timeout_in_ms":100}
{"severity":"ERROR","time":"2024-04-22T13:26:59.097Z","message":"Failed to create / detach partition(s)","table_name":"merge_request_diff_commits_b5377a7a34","exception_class":"NoMethodError","exception_message":"undefined method `analyze_interval' for #\u003cGitlab::Database::Partitioning::IntRangeStrategy:0x00007fffd923bd48 @model=#\u003cClass:0x00007fffd9237068\u003e(authored_date: datetime, committed_date: datetime, sha: binary, message: text, trailers: jsonb, commit_author_id: integer, committer_id: integer, merge_request_diff_id: integer, relative_order: integer), @partitioning_key=:merge_request_diff_id, @partition_size=200000000\u003e\n\n          model.partitioning_strategy.analyze_interval\n                                     ^^^^^^^^^^^^^^^^^","connection_name":"main"}
{"severity":"DEBUG","time":"2024-04-22T13:26:59.097Z","message":"Switched database connection","connection_name":"main"}
{"severity":"DEBUG","time":"2024-04-22T13:26:59.098Z","message":"Switched database connection","connection_name":"main"}
{"severity":"DEBUG","time":"2024-04-22T13:26:59.098Z","message":"Switched database connection","connection_name":"main"}
{"severity":"INFO","time":"2024-04-22T13:26:59.104Z","message":"Checking state of dynamic postgres partitions","table_name":"p_ci_builds_metadata","connection_name":"main"}
{"severity":"DEBUG","time":"2024-04-22T13:26:59.187Z","message":"Switched database connection","connection_name":"main"}
{"severity":"INFO","time":"2024-04-22T13:26:59.192Z","message":"Checking state of dynamic postgres partitions","table_name":"p_ci_build_names","connection_name":"main"}
{"severity":"DEBUG","time":"2024-04-22T13:26:59.223Z","message":"Switched database connection","connection_name":"main"}
{"severity":"DEBUG","time":"2024-04-22T13:26:59.224Z","message":"Switched database connection","connection_name":"main"}
{"severity":"DEBUG","time":"2024-04-22T13:26:59.224Z","message":"Switched database connection","connection_name":"main"}
{"severity":"INFO","time":"2024-04-22T13:26:59.229Z","message":"Checking state of dynamic postgres partitions","table_name":"p_ci_job_annotations","connection_name":"main"}
{"severity":"DEBUG","time":"2024-04-22T13:26:59.267Z","message":"Switched database connection","connection_name":"main"}
{"severity":"INFO","time":"2024-04-22T13:26:59.271Z","message":"Checking state of dynamic postgres partitions","table_name":"p_ci_job_artifacts","connection_name":"main"}
{"severity":"DEBUG","time":"2024-04-22T13:26:59.305Z","message":"Switched database connection","connection_name":"main"}
{"severity":"INFO","time":"2024-04-22T13:26:59.310Z","message":"Checking state of dynamic postgres partitions","table_name":"p_ci_pipeline_variables","connection_name":"main"}
{"severity":"DEBUG","time":"2024-04-22T13:26:59.344Z","message":"Switched database connection","connection_name":"main"}
{"severity":"INFO","time":"2024-04-22T13:26:59.348Z","message":"Checking state of dynamic postgres partitions","table_name":"p_ci_runner_machine_builds","connection_name":"main"}
{"severity":"DEBUG","time":"2024-04-22T13:26:59.382Z","message":"Switched database connection","connection_name":"main"}
{"severity":"INFO","time":"2024-04-22T13:26:59.387Z","message":"Checking state of dynamic postgres partitions","table_name":"p_ci_stages","connection_name":"main"}
{"severity":"DEBUG","time":"2024-04-22T13:26:59.420Z","message":"Switched database connection","connection_name":"main"}
{"severity":"INFO","time":"2024-04-22T13:26:59.424Z","message":"Checking state of dynamic postgres partitions","table_name":"p_ci_builds","connection_name":"main"}
{"severity":"DEBUG","time":"2024-04-22T13:26:59.464Z","message":"Switched database connection","connection_name":"main"}
{"severity":"DEBUG","time":"2024-04-22T13:26:59.464Z","message":"Switched database connection","connection_name":"main"}
{"severity":"DEBUG","time":"2024-04-22T13:26:59.464Z","message":"Switched database connection","connection_name":"main"}
{"severity":"DEBUG","time":"2024-04-22T13:26:59.465Z","message":"Switched database connection","connection_name":"main"}
{"severity":"DEBUG","time":"2024-04-22T13:26:59.466Z","message":"Switched database connection","connection_name":"main"}
{"severity":"DEBUG","time":"2024-04-22T13:26:59.466Z","message":"Switched database connection","connection_name":"main"}
{"severity":"DEBUG","time":"2024-04-22T13:26:59.466Z","message":"Switched database connection","connection_name":"main"}
{"severity":"INFO","time":"2024-04-22T13:26:59.466Z","message":"Finished sync of dynamic postgres partitions"}
{"severity":"DEBUG","time":"2024-04-22T13:26:59.470Z","message":"Switched database connection","connection_name":"main"}
{"severity":"DEBUG","time":"2024-04-22T13:27:04.687Z","message":"Switched database connection","connection_name":"main"}
{"severity":"DEBUG","time":"2024-04-22T13:27:04.689Z","message":"Switched database connection","connection_name":"ci"}
{"severity":"DEBUG","time":"2024-04-22T13:27:04.733Z","message":"Switched database connection","connection_name":"main"}
{"severity":"DEBUG","time":"2024-04-22T13:27:04.748Z","message":"Switched database connection","connection_name":"ci"}
{"severity":"INFO","time":"2024-04-22T13:27:05.289Z","message":"User \"Administrator\" (admin@example.com) was created"}
{"severity":"DEBUG","time":"2024-04-22T13:27:05.504Z","message":"Switched database connection","connection_name":"main"}
{"severity":"DEBUG","time":"2024-04-22T13:27:05.504Z","message":"Switched database connection","connection_name":"ci"}
{"severity":"DEBUG","time":"2024-04-22T13:27:05.530Z","message":"Switched database connection","connection_name":"main"}
{"severity":"DEBUG","time":"2024-04-22T13:27:05.531Z","message":"Switched database connection","connection_name":"ci"}
{"severity":"DEBUG","time":"2024-04-22T13:27:05.532Z","message":"Switched database connection","connection_name":"main"}
{"severity":"DEBUG","time":"2024-04-22T13:27:05.533Z","message":"Switched database connection","connection_name":"ci"}
{"severity":"DEBUG","time":"2024-04-22T13:27:05.540Z","message":"Switched database connection","connection_name":"main"}
{"severity":"DEBUG","time":"2024-04-22T13:27:05.541Z","message":"Switched database connection","connection_name":"ci"}
{"severity":"DEBUG","time":"2024-04-22T13:27:05.625Z","message":"Switched database connection","connection_name":"main"}
{"severity":"DEBUG","time":"2024-04-22T13:27:05.626Z","message":"Switched database connection","connection_name":"ci"}
{"severity":"DEBUG","time":"2024-04-22T13:27:05.645Z","message":"Switched database connection","connection_name":"main"}
{"severity":"DEBUG","time":"2024-04-22T13:27:05.646Z","message":"Switched database connection","connection_name":"ci"}
{"severity":"DEBUG","time":"2024-04-22T13:27:05.647Z","message":"Switched database connection","connection_name":"main"}
{"severity":"DEBUG","time":"2024-04-22T13:27:05.648Z","message":"Switched database connection","connection_name":"ci"}
{"severity":"DEBUG","time":"2024-04-22T13:27:05.660Z","message":"Switched database connection","connection_name":"main"}
{"severity":"DEBUG","time":"2024-04-22T13:27:05.661Z","message":"Switched database connection","connection_name":"ci"}
{"severity":"DEBUG","time":"2024-04-22T13:27:18.742Z","message":"ActiveRecord connection established"}
{"severity":"INFO","time":"2024-04-22T13:27:19.583Z","message":"Syncing dynamic postgres partitions"}
{"severity":"DEBUG","time":"2024-04-22T13:27:19.667Z","message":"Switched database connection","connection_name":"main"}
{"severity":"INFO","time":"2024-04-22T13:27:19.703Z","message":"Checking state of dynamic postgres partitions","table_name":"audit_events","connection_name":"main"}
{"severity":"DEBUG","time":"2024-04-22T13:27:19.796Z","message":"Switched database connection","connection_name":"main"}
{"severity":"INFO","time":"2024-04-22T13:27:19.800Z","message":"Checking state of dynamic postgres partitions","table_name":"p_batched_git_ref_updates_deletions","connection_name":"main"}
{"severity":"DEBUG","time":"2024-04-22T13:27:19.871Z","message":"Switched database connection","connection_name":"ci"}
{"severity":"INFO","time":"2024-04-22T13:27:19.897Z","message":"Checking state of dynamic postgres partitions","table_name":"p_ci_builds_metadata","connection_name":"ci"}
{"severity":"DEBUG","time":"2024-04-22T13:27:19.955Z","message":"Switched database connection","connection_name":"ci"}
{"severity":"INFO","time":"2024-04-22T13:27:19.959Z","message":"Checking state of dynamic postgres partitions","table_name":"p_ci_build_names","connection_name":"ci"}
{"severity":"DEBUG","time":"2024-04-22T13:27:19.981Z","message":"Switched database connection","connection_name":"main"}
{"severity":"INFO","time":"2024-04-22T13:27:19.985Z","message":"Checking state of dynamic postgres partitions","table_name":"p_catalog_resource_component_usages","connection_name":"main"}
{"severity":"DEBUG","time":"2024-04-22T13:27:20.030Z","message":"Switched database connection","connection_name":"main"}
{"severity":"INFO","time":"2024-04-22T13:27:20.033Z","message":"Checking state of dynamic postgres partitions","table_name":"p_catalog_resource_sync_events","connection_name":"main"}
{"severity":"DEBUG","time":"2024-04-22T13:27:20.090Z","message":"Switched database connection","connection_name":"ci"}
{"severity":"INFO","time":"2024-04-22T13:27:20.094Z","message":"Checking state of dynamic postgres partitions","table_name":"p_ci_job_annotations","connection_name":"ci"}
{"severity":"DEBUG","time":"2024-04-22T13:27:20.113Z","message":"Switched database connection","connection_name":"ci"}
{"severity":"INFO","time":"2024-04-22T13:27:20.116Z","message":"Checking state of dynamic postgres partitions","table_name":"p_ci_job_artifacts","connection_name":"ci"}
{"severity":"DEBUG","time":"2024-04-22T13:27:20.138Z","message":"Switched database connection","connection_name":"ci"}
{"severity":"INFO","time":"2024-04-22T13:27:20.142Z","message":"Checking state of dynamic postgres partitions","table_name":"p_ci_pipeline_variables","connection_name":"ci"}
{"severity":"DEBUG","time":"2024-04-22T13:27:20.160Z","message":"Switched database connection","connection_name":"ci"}
{"severity":"INFO","time":"2024-04-22T13:27:20.164Z","message":"Checking state of dynamic postgres partitions","table_name":"p_ci_runner_machine_builds","connection_name":"ci"}
{"severity":"DEBUG","time":"2024-04-22T13:27:20.182Z","message":"Switched database connection","connection_name":"ci"}
{"severity":"INFO","time":"2024-04-22T13:27:20.187Z","message":"Checking state of dynamic postgres partitions","table_name":"p_ci_stages","connection_name":"ci"}
{"severity":"DEBUG","time":"2024-04-22T13:27:20.205Z","message":"Switched database connection","connection_name":"ci"}
{"severity":"INFO","time":"2024-04-22T13:27:20.208Z","message":"Checking state of dynamic postgres partitions","table_name":"p_ci_builds","connection_name":"ci"}
{"severity":"DEBUG","time":"2024-04-22T13:27:20.228Z","message":"Switched database connection","connection_name":"main"}
{"severity":"INFO","time":"2024-04-22T13:27:20.232Z","message":"Checking state of dynamic postgres partitions","table_name":"batched_background_migration_job_transition_logs","connection_name":"main"}
{"severity":"DEBUG","time":"2024-04-22T13:27:20.276Z","message":"Switched database connection","connection_name":"ci"}
{"severity":"INFO","time":"2024-04-22T13:27:20.279Z","message":"Checking state of dynamic postgres partitions","table_name":"batched_background_migration_job_transition_logs","connection_name":"ci"}
{"severity":"DEBUG","time":"2024-04-22T13:27:20.317Z","message":"Switched database connection","connection_name":"main"}
{"severity":"INFO","time":"2024-04-22T13:27:20.321Z","message":"Checking state of dynamic postgres partitions","table_name":"loose_foreign_keys_deleted_records","connection_name":"main"}
{"severity":"DEBUG","time":"2024-04-22T13:27:20.376Z","message":"Switched database connection","connection_name":"ci"}
{"severity":"INFO","time":"2024-04-22T13:27:20.379Z","message":"Checking state of dynamic postgres partitions","table_name":"loose_foreign_keys_deleted_records","connection_name":"ci"}
{"severity":"DEBUG","time":"2024-04-22T13:27:20.436Z","message":"Switched database connection","connection_name":"main"}
{"severity":"INFO","time":"2024-04-22T13:27:20.439Z","message":"Checking state of dynamic postgres partitions","table_name":"groups_visits","connection_name":"main"}
{"severity":"DEBUG","time":"2024-04-22T13:27:20.476Z","message":"Switched database connection","connection_name":"main"}
{"severity":"INFO","time":"2024-04-22T13:27:20.479Z","message":"Checking state of dynamic postgres partitions","table_name":"projects_visits","connection_name":"main"}
{"severity":"DEBUG","time":"2024-04-22T13:27:20.516Z","message":"Switched database connection","connection_name":"main"}
{"severity":"INFO","time":"2024-04-22T13:27:20.532Z","message":"Checking state of dynamic postgres partitions","table_name":"web_hook_logs","connection_name":"main"}
{"severity":"DEBUG","time":"2024-04-22T13:27:20.568Z","message":"Switched database connection","connection_name":"main"}
{"severity":"INFO","time":"2024-04-22T13:27:20.572Z","message":"Checking state of dynamic postgres partitions","table_name":"incident_management_pending_alert_escalations","connection_name":"main"}
{"severity":"DEBUG","time":"2024-04-22T13:27:20.614Z","message":"Switched database connection","connection_name":"main"}
{"severity":"INFO","time":"2024-04-22T13:27:20.617Z","message":"Checking state of dynamic postgres partitions","table_name":"incident_management_pending_issue_escalations","connection_name":"main"}
{"severity":"DEBUG","time":"2024-04-22T13:27:20.653Z","message":"Switched database connection","connection_name":"main"}
{"severity":"INFO","time":"2024-04-22T13:27:20.657Z","message":"Checking state of dynamic postgres partitions","table_name":"verification_codes","connection_name":"main"}
{"severity":"DEBUG","time":"2024-04-22T13:27:20.693Z","message":"Switched database connection","connection_name":"main"}
{"severity":"INFO","time":"2024-04-22T13:27:20.696Z","message":"Checking state of dynamic postgres partitions","table_name":"merge_request_diff_commits_b5377a7a34","connection_name":"main"}
{"severity":"DEBUG","time":"2024-04-22T13:27:20.745Z","message":"Switched database connection","connection_name":"main"}
{"severity":"DEBUG","time":"2024-04-22T13:27:20.745Z","message":"Switched database connection","connection_name":"main"}
{"severity":"DEBUG","time":"2024-04-22T13:27:20.745Z","message":"Switched database connection","connection_name":"main"}
{"severity":"INFO","time":"2024-04-22T13:27:20.749Z","message":"Checking state of dynamic postgres partitions","table_name":"p_ci_builds_metadata","connection_name":"main"}
{"severity":"DEBUG","time":"2024-04-22T13:27:20.770Z","message":"Switched database connection","connection_name":"main"}
{"severity":"INFO","time":"2024-04-22T13:27:20.773Z","message":"Checking state of dynamic postgres partitions","table_name":"p_ci_build_names","connection_name":"main"}
{"severity":"DEBUG","time":"2024-04-22T13:27:20.794Z","message":"Switched database connection","connection_name":"main"}
{"severity":"DEBUG","time":"2024-04-22T13:27:20.794Z","message":"Switched database connection","connection_name":"main"}
{"severity":"DEBUG","time":"2024-04-22T13:27:20.795Z","message":"Switched database connection","connection_name":"main"}
{"severity":"INFO","time":"2024-04-22T13:27:20.798Z","message":"Checking state of dynamic postgres partitions","table_name":"p_ci_job_annotations","connection_name":"main"}
{"severity":"DEBUG","time":"2024-04-22T13:27:20.816Z","message":"Switched database connection","connection_name":"main"}
{"severity":"INFO","time":"2024-04-22T13:27:20.820Z","message":"Checking state of dynamic postgres partitions","table_name":"p_ci_job_artifacts","connection_name":"main"}
{"severity":"DEBUG","time":"2024-04-22T13:27:20.838Z","message":"Switched database connection","connection_name":"main"}
{"severity":"INFO","time":"2024-04-22T13:27:20.841Z","message":"Checking state of dynamic postgres partitions","table_name":"p_ci_pipeline_variables","connection_name":"main"}
{"severity":"DEBUG","time":"2024-04-22T13:27:20.859Z","message":"Switched database connection","connection_name":"main"}
{"severity":"INFO","time":"2024-04-22T13:27:20.863Z","message":"Checking state of dynamic postgres partitions","table_name":"p_ci_runner_machine_builds","connection_name":"main"}
{"severity":"DEBUG","time":"2024-04-22T13:27:20.884Z","message":"Switched database connection","connection_name":"main"}
{"severity":"INFO","time":"2024-04-22T13:27:20.887Z","message":"Checking state of dynamic postgres partitions","table_name":"p_ci_stages","connection_name":"main"}
{"severity":"DEBUG","time":"2024-04-22T13:27:20.905Z","message":"Switched database connection","connection_name":"main"}
{"severity":"INFO","time":"2024-04-22T13:27:20.908Z","message":"Checking state of dynamic postgres partitions","table_name":"p_ci_builds","connection_name":"main"}
{"severity":"DEBUG","time":"2024-04-22T13:27:20.927Z","message":"Switched database connection","connection_name":"main"}
{"severity":"DEBUG","time":"2024-04-22T13:27:20.927Z","message":"Switched database connection","connection_name":"main"}
{"severity":"DEBUG","time":"2024-04-22T13:27:20.928Z","message":"Switched database connection","connection_name":"main"}
{"severity":"DEBUG","time":"2024-04-22T13:27:20.928Z","message":"Switched database connection","connection_name":"main"}
{"severity":"DEBUG","time":"2024-04-22T13:27:20.928Z","message":"Switched database connection","connection_name":"main"}
{"severity":"DEBUG","time":"2024-04-22T13:27:20.928Z","message":"Switched database connection","connection_name":"main"}
{"severity":"DEBUG","time":"2024-04-22T13:27:20.929Z","message":"Switched database connection","connection_name":"main"}
{"severity":"INFO","time":"2024-04-22T13:27:20.929Z","message":"Finished sync of dynamic postgres partitions"}
{"severity":"INFO","time":"2024-04-22T13:27:35.510Z","message":"Syncing dynamic postgres partitions"}
{"severity":"DEBUG","time":"2024-04-22T13:27:35.522Z","message":"Switched database connection","connection_name":"main"}
{"severity":"INFO","time":"2024-04-22T13:27:35.550Z","message":"Checking state of dynamic postgres partitions","table_name":"audit_events","connection_name":"main"}
{"severity":"DEBUG","time":"2024-04-22T13:27:35.658Z","message":"Switched database connection","connection_name":"main"}
{"severity":"INFO","time":"2024-04-22T13:27:35.663Z","message":"Checking state of dynamic postgres partitions","table_name":"p_batched_git_ref_updates_deletions","connection_name":"main"}
{"severity":"DEBUG","time":"2024-04-22T13:27:35.739Z","message":"Switched database connection","connection_name":"ci"}
{"severity":"INFO","time":"2024-04-22T13:27:35.766Z","message":"Checking state of dynamic postgres partitions","table_name":"p_ci_builds_metadata","connection_name":"ci"}
{"severity":"DEBUG","time":"2024-04-22T13:27:35.831Z","message":"Switched database connection","connection_name":"ci"}
{"severity":"INFO","time":"2024-04-22T13:27:35.835Z","message":"Checking state of dynamic postgres partitions","table_name":"p_ci_build_names","connection_name":"ci"}
{"severity":"DEBUG","time":"2024-04-22T13:27:35.859Z","message":"Switched database connection","connection_name":"main"}
{"severity":"INFO","time":"2024-04-22T13:27:35.864Z","message":"Checking state of dynamic postgres partitions","table_name":"p_catalog_resource_component_usages","connection_name":"main"}
{"severity":"DEBUG","time":"2024-04-22T13:27:35.912Z","message":"Switched database connection","connection_name":"main"}
{"severity":"INFO","time":"2024-04-22T13:27:35.917Z","message":"Checking state of dynamic postgres partitions","table_name":"p_catalog_resource_sync_events","connection_name":"main"}
{"severity":"DEBUG","time":"2024-04-22T13:27:35.979Z","message":"Switched database connection","connection_name":"ci"}
{"severity":"INFO","time":"2024-04-22T13:27:35.983Z","message":"Checking state of dynamic postgres partitions","table_name":"p_ci_job_annotations","connection_name":"ci"}
{"severity":"DEBUG","time":"2024-04-22T13:27:36.004Z","message":"Switched database connection","connection_name":"ci"}
{"severity":"INFO","time":"2024-04-22T13:27:36.008Z","message":"Checking state of dynamic postgres partitions","table_name":"p_ci_job_artifacts","connection_name":"ci"}
{"severity":"DEBUG","time":"2024-04-22T13:27:36.029Z","message":"Switched database connection","connection_name":"ci"}
{"severity":"INFO","time":"2024-04-22T13:27:36.032Z","message":"Checking state of dynamic postgres partitions","table_name":"p_ci_pipeline_variables","connection_name":"ci"}
{"severity":"DEBUG","time":"2024-04-22T13:27:36.052Z","message":"Switched database connection","connection_name":"ci"}
{"severity":"INFO","time":"2024-04-22T13:27:36.057Z","message":"Checking state of dynamic postgres partitions","table_name":"p_ci_runner_machine_builds","connection_name":"ci"}
{"severity":"DEBUG","time":"2024-04-22T13:27:36.078Z","message":"Switched database connection","connection_name":"ci"}
{"severity":"INFO","time":"2024-04-22T13:27:36.082Z","message":"Checking state of dynamic postgres partitions","table_name":"p_ci_stages","connection_name":"ci"}
{"severity":"DEBUG","time":"2024-04-22T13:27:36.102Z","message":"Switched database connection","connection_name":"ci"}
{"severity":"INFO","time":"2024-04-22T13:27:36.106Z","message":"Checking state of dynamic postgres partitions","table_name":"p_ci_builds","connection_name":"ci"}
{"severity":"DEBUG","time":"2024-04-22T13:27:36.127Z","message":"Switched database connection","connection_name":"main"}
{"severity":"INFO","time":"2024-04-22T13:27:36.131Z","message":"Checking state of dynamic postgres partitions","table_name":"batched_background_migration_job_transition_logs","connection_name":"main"}
{"severity":"DEBUG","time":"2024-04-22T13:27:36.179Z","message":"Switched database connection","connection_name":"ci"}
{"severity":"INFO","time":"2024-04-22T13:27:36.183Z","message":"Checking state of dynamic postgres partitions","table_name":"batched_background_migration_job_transition_logs","connection_name":"ci"}
{"severity":"DEBUG","time":"2024-04-22T13:27:36.225Z","message":"Switched database connection","connection_name":"main"}
{"severity":"INFO","time":"2024-04-22T13:27:36.229Z","message":"Checking state of dynamic postgres partitions","table_name":"loose_foreign_keys_deleted_records","connection_name":"main"}
{"severity":"DEBUG","time":"2024-04-22T13:27:36.292Z","message":"Switched database connection","connection_name":"ci"}
{"severity":"INFO","time":"2024-04-22T13:27:36.296Z","message":"Checking state of dynamic postgres partitions","table_name":"loose_foreign_keys_deleted_records","connection_name":"ci"}
{"severity":"DEBUG","time":"2024-04-22T13:27:36.364Z","message":"Switched database connection","connection_name":"main"}
{"severity":"INFO","time":"2024-04-22T13:27:36.368Z","message":"Checking state of dynamic postgres partitions","table_name":"groups_visits","connection_name":"main"}
{"severity":"DEBUG","time":"2024-04-22T13:27:36.419Z","message":"Switched database connection","connection_name":"main"}
{"severity":"INFO","time":"2024-04-22T13:27:36.424Z","message":"Checking state of dynamic postgres partitions","table_name":"projects_visits","connection_name":"main"}
{"severity":"DEBUG","time":"2024-04-22T13:27:36.466Z","message":"Switched database connection","connection_name":"main"}
{"severity":"INFO","time":"2024-04-22T13:27:36.470Z","message":"Checking state of dynamic postgres partitions","table_name":"web_hook_logs","connection_name":"main"}
{"severity":"DEBUG","time":"2024-04-22T13:27:36.512Z","message":"Switched database connection","connection_name":"main"}
{"severity":"INFO","time":"2024-04-22T13:27:36.516Z","message":"Checking state of dynamic postgres partitions","table_name":"incident_management_pending_alert_escalations","connection_name":"main"}
{"severity":"DEBUG","time":"2024-04-22T13:27:36.562Z","message":"Switched database connection","connection_name":"main"}
{"severity":"INFO","time":"2024-04-22T13:27:36.567Z","message":"Checking state of dynamic postgres partitions","table_name":"incident_management_pending_issue_escalations","connection_name":"main"}
{"severity":"DEBUG","time":"2024-04-22T13:27:36.608Z","message":"Switched database connection","connection_name":"main"}
{"severity":"INFO","time":"2024-04-22T13:27:36.613Z","message":"Checking state of dynamic postgres partitions","table_name":"verification_codes","connection_name":"main"}
{"severity":"DEBUG","time":"2024-04-22T13:27:36.652Z","message":"Switched database connection","connection_name":"main"}
{"severity":"INFO","time":"2024-04-22T13:27:36.656Z","message":"Checking state of dynamic postgres partitions","table_name":"merge_request_diff_commits_b5377a7a34","connection_name":"main"}
{"severity":"DEBUG","time":"2024-04-22T13:27:36.716Z","message":"Switched database connection","connection_name":"main"}
{"severity":"DEBUG","time":"2024-04-22T13:27:36.717Z","message":"Switched database connection","connection_name":"main"}
{"severity":"DEBUG","time":"2024-04-22T13:27:36.717Z","message":"Switched database connection","connection_name":"main"}
{"severity":"INFO","time":"2024-04-22T13:27:36.724Z","message":"Checking state of dynamic postgres partitions","table_name":"p_ci_builds_metadata","connection_name":"main"}
{"severity":"DEBUG","time":"2024-04-22T13:27:36.750Z","message":"Switched database connection","connection_name":"main"}
{"severity":"INFO","time":"2024-04-22T13:27:36.754Z","message":"Checking state of dynamic postgres partitions","table_name":"p_ci_build_names","connection_name":"main"}
{"severity":"DEBUG","time":"2024-04-22T13:27:36.779Z","message":"Switched database connection","connection_name":"main"}
{"severity":"DEBUG","time":"2024-04-22T13:27:36.779Z","message":"Switched database connection","connection_name":"main"}
{"severity":"DEBUG","time":"2024-04-22T13:27:36.780Z","message":"Switched database connection","connection_name":"main"}
{"severity":"INFO","time":"2024-04-22T13:27:36.785Z","message":"Checking state of dynamic postgres partitions","table_name":"p_ci_job_annotations","connection_name":"main"}
{"severity":"DEBUG","time":"2024-04-22T13:27:36.812Z","message":"Switched database connection","connection_name":"main"}
{"severity":"INFO","time":"2024-04-22T13:27:36.817Z","message":"Checking state of dynamic postgres partitions","table_name":"p_ci_job_artifacts","connection_name":"main"}
{"severity":"DEBUG","time":"2024-04-22T13:27:36.842Z","message":"Switched database connection","connection_name":"main"}
{"severity":"INFO","time":"2024-04-22T13:27:36.847Z","message":"Checking state of dynamic postgres partitions","table_name":"p_ci_pipeline_variables","connection_name":"main"}
{"severity":"DEBUG","time":"2024-04-22T13:27:36.868Z","message":"Switched database connection","connection_name":"main"}
{"severity":"INFO","time":"2024-04-22T13:27:36.872Z","message":"Checking state of dynamic postgres partitions","table_name":"p_ci_runner_machine_builds","connection_name":"main"}
{"severity":"DEBUG","time":"2024-04-22T13:27:36.897Z","message":"Switched database connection","connection_name":"main"}
{"severity":"INFO","time":"2024-04-22T13:27:36.901Z","message":"Checking state of dynamic postgres partitions","table_name":"p_ci_stages","connection_name":"main"}
{"severity":"DEBUG","time":"2024-04-22T13:27:36.923Z","message":"Switched database connection","connection_name":"main"}
{"severity":"INFO","time":"2024-04-22T13:27:36.927Z","message":"Checking state of dynamic postgres partitions","table_name":"p_ci_builds","connection_name":"main"}
{"severity":"DEBUG","time":"2024-04-22T13:27:36.948Z","message":"Switched database connection","connection_name":"main"}
{"severity":"DEBUG","time":"2024-04-22T13:27:36.949Z","message":"Switched database connection","connection_name":"main"}
{"severity":"DEBUG","time":"2024-04-22T13:27:36.949Z","message":"Switched database connection","connection_name":"main"}
{"severity":"DEBUG","time":"2024-04-22T13:27:36.950Z","message":"Switched database connection","connection_name":"main"}
{"severity":"DEBUG","time":"2024-04-22T13:27:36.950Z","message":"Switched database connection","connection_name":"main"}
{"severity":"DEBUG","time":"2024-04-22T13:27:36.950Z","message":"Switched database connection","connection_name":"main"}
{"severity":"DEBUG","time":"2024-04-22T13:27:36.951Z","message":"Switched database connection","connection_name":"main"}
{"severity":"INFO","time":"2024-04-22T13:27:36.951Z","message":"Finished sync of dynamic postgres partitions"}
{"severity":"INFO","time":"2024-04-22T13:27:43.894Z","message":"Syncing dynamic postgres partitions"}
{"severity":"DEBUG","time":"2024-04-22T13:27:43.968Z","message":"Switched database connection","connection_name":"main"}
{"severity":"INFO","time":"2024-04-22T13:27:44.004Z","message":"Checking state of dynamic postgres partitions","table_name":"audit_events","connection_name":"main"}
{"severity":"DEBUG","time":"2024-04-22T13:27:44.074Z","message":"Switched database connection","connection_name":"main"}
{"severity":"INFO","time":"2024-04-22T13:27:44.078Z","message":"Checking state of dynamic postgres partitions","table_name":"p_batched_git_ref_updates_deletions","connection_name":"main"}
{"severity":"DEBUG","time":"2024-04-22T13:27:44.115Z","message":"Switched database connection","connection_name":"ci"}
{"severity":"INFO","time":"2024-04-22T13:27:44.141Z","message":"Checking state of dynamic postgres partitions","table_name":"p_ci_builds_metadata","connection_name":"ci"}
{"severity":"DEBUG","time":"2024-04-22T13:27:44.190Z","message":"Switched database connection","connection_name":"ci"}
{"severity":"INFO","time":"2024-04-22T13:27:44.195Z","message":"Checking state of dynamic postgres partitions","table_name":"p_ci_build_names","connection_name":"ci"}
{"severity":"DEBUG","time":"2024-04-22T13:27:44.200Z","message":"Switched database connection","connection_name":"main"}
{"severity":"INFO","time":"2024-04-22T13:27:44.204Z","message":"Checking state of dynamic postgres partitions","table_name":"p_catalog_resource_component_usages","connection_name":"main"}
{"severity":"DEBUG","time":"2024-04-22T13:27:44.217Z","message":"Switched database connection","connection_name":"main"}
{"severity":"INFO","time":"2024-04-22T13:27:44.221Z","message":"Checking state of dynamic postgres partitions","table_name":"p_catalog_resource_sync_events","connection_name":"main"}
{"severity":"DEBUG","time":"2024-04-22T13:27:44.241Z","message":"Switched database connection","connection_name":"ci"}
{"severity":"INFO","time":"2024-04-22T13:27:44.245Z","message":"Checking state of dynamic postgres partitions","table_name":"p_ci_job_annotations","connection_name":"ci"}
{"severity":"DEBUG","time":"2024-04-22T13:27:44.266Z","message":"Switched database connection","connection_name":"ci"}
{"severity":"INFO","time":"2024-04-22T13:27:44.270Z","message":"Checking state of dynamic postgres partitions","table_name":"p_ci_job_artifacts","connection_name":"ci"}
{"severity":"DEBUG","time":"2024-04-22T13:27:44.275Z","message":"Switched database connection","connection_name":"ci"}
{"severity":"INFO","time":"2024-04-22T13:27:44.279Z","message":"Checking state of dynamic postgres partitions","table_name":"p_ci_pipeline_variables","connection_name":"ci"}
{"severity":"DEBUG","time":"2024-04-22T13:27:44.284Z","message":"Switched database connection","connection_name":"ci"}
{"severity":"INFO","time":"2024-04-22T13:27:44.287Z","message":"Checking state of dynamic postgres partitions","table_name":"p_ci_runner_machine_builds","connection_name":"ci"}
{"severity":"DEBUG","time":"2024-04-22T13:27:44.293Z","message":"Switched database connection","connection_name":"ci"}
{"severity":"INFO","time":"2024-04-22T13:27:44.296Z","message":"Checking state of dynamic postgres partitions","table_name":"p_ci_stages","connection_name":"ci"}
{"severity":"DEBUG","time":"2024-04-22T13:27:44.302Z","message":"Switched database connection","connection_name":"ci"}
{"severity":"INFO","time":"2024-04-22T13:27:44.305Z","message":"Checking state of dynamic postgres partitions","table_name":"p_ci_builds","connection_name":"ci"}
{"severity":"DEBUG","time":"2024-04-22T13:27:44.313Z","message":"Switched database connection","connection_name":"main"}
{"severity":"INFO","time":"2024-04-22T13:27:44.317Z","message":"Checking state of dynamic postgres partitions","table_name":"batched_background_migration_job_transition_logs","connection_name":"main"}
{"severity":"DEBUG","time":"2024-04-22T13:27:44.330Z","message":"Switched database connection","connection_name":"ci"}
{"severity":"INFO","time":"2024-04-22T13:27:44.334Z","message":"Checking state of dynamic postgres partitions","table_name":"batched_background_migration_job_transition_logs","connection_name":"ci"}
{"severity":"DEBUG","time":"2024-04-22T13:27:44.345Z","message":"Switched database connection","connection_name":"main"}
{"severity":"INFO","time":"2024-04-22T13:27:44.350Z","message":"Checking state of dynamic postgres partitions","table_name":"loose_foreign_keys_deleted_records","connection_name":"main"}
{"severity":"DEBUG","time":"2024-04-22T13:27:44.371Z","message":"Switched database connection","connection_name":"ci"}
{"severity":"INFO","time":"2024-04-22T13:27:44.375Z","message":"Checking state of dynamic postgres partitions","table_name":"loose_foreign_keys_deleted_records","connection_name":"ci"}
{"severity":"DEBUG","time":"2024-04-22T13:27:44.409Z","message":"Switched database connection","connection_name":"main"}
{"severity":"INFO","time":"2024-04-22T13:27:44.413Z","message":"Checking state of dynamic postgres partitions","table_name":"groups_visits","connection_name":"main"}
{"severity":"DEBUG","time":"2024-04-22T13:27:44.426Z","message":"Switched database connection","connection_name":"main"}
{"severity":"INFO","time":"2024-04-22T13:27:44.429Z","message":"Checking state of dynamic postgres partitions","table_name":"projects_visits","connection_name":"main"}
{"severity":"DEBUG","time":"2024-04-22T13:27:44.441Z","message":"Switched database connection","connection_name":"main"}
{"severity":"INFO","time":"2024-04-22T13:27:44.446Z","message":"Checking state of dynamic postgres partitions","table_name":"web_hook_logs","connection_name":"main"}
{"severity":"DEBUG","time":"2024-04-22T13:27:44.457Z","message":"Switched database connection","connection_name":"main"}
{"severity":"INFO","time":"2024-04-22T13:27:44.461Z","message":"Checking state of dynamic postgres partitions","table_name":"incident_management_pending_alert_escalations","connection_name":"main"}
{"severity":"DEBUG","time":"2024-04-22T13:27:44.471Z","message":"Switched database connection","connection_name":"main"}
{"severity":"INFO","time":"2024-04-22T13:27:44.475Z","message":"Checking state of dynamic postgres partitions","table_name":"incident_management_pending_issue_escalations","connection_name":"main"}
{"severity":"DEBUG","time":"2024-04-22T13:27:44.486Z","message":"Switched database connection","connection_name":"main"}
{"severity":"INFO","time":"2024-04-22T13:27:44.489Z","message":"Checking state of dynamic postgres partitions","table_name":"verification_codes","connection_name":"main"}
{"severity":"DEBUG","time":"2024-04-22T13:27:44.521Z","message":"Switched database connection","connection_name":"main"}
{"severity":"INFO","time":"2024-04-22T13:27:44.526Z","message":"Checking state of dynamic postgres partitions","table_name":"merge_request_diff_commits_b5377a7a34","connection_name":"main"}
{"severity":"DEBUG","time":"2024-04-22T13:27:44.545Z","message":"Switched database connection","connection_name":"main"}
{"severity":"DEBUG","time":"2024-04-22T13:27:44.546Z","message":"Switched database connection","connection_name":"main"}
{"severity":"DEBUG","time":"2024-04-22T13:27:44.546Z","message":"Switched database connection","connection_name":"main"}
{"severity":"INFO","time":"2024-04-22T13:27:44.550Z","message":"Checking state of dynamic postgres partitions","table_name":"p_ci_builds_metadata","connection_name":"main"}
{"severity":"DEBUG","time":"2024-04-22T13:27:44.555Z","message":"Switched database connection","connection_name":"main"}
{"severity":"INFO","time":"2024-04-22T13:27:44.559Z","message":"Checking state of dynamic postgres partitions","table_name":"p_ci_build_names","connection_name":"main"}
{"severity":"DEBUG","time":"2024-04-22T13:27:44.564Z","message":"Switched database connection","connection_name":"main"}
{"severity":"DEBUG","time":"2024-04-22T13:27:44.565Z","message":"Switched database connection","connection_name":"main"}
{"severity":"DEBUG","time":"2024-04-22T13:27:44.565Z","message":"Switched database connection","connection_name":"main"}
{"severity":"INFO","time":"2024-04-22T13:27:44.569Z","message":"Checking state of dynamic postgres partitions","table_name":"p_ci_job_annotations","connection_name":"main"}
{"severity":"DEBUG","time":"2024-04-22T13:27:44.574Z","message":"Switched database connection","connection_name":"main"}
{"severity":"INFO","time":"2024-04-22T13:27:44.578Z","message":"Checking state of dynamic postgres partitions","table_name":"p_ci_job_artifacts","connection_name":"main"}
{"severity":"DEBUG","time":"2024-04-22T13:27:44.583Z","message":"Switched database connection","connection_name":"main"}
{"severity":"INFO","time":"2024-04-22T13:27:44.586Z","message":"Checking state of dynamic postgres partitions","table_name":"p_ci_pipeline_variables","connection_name":"main"}
{"severity":"DEBUG","time":"2024-04-22T13:27:44.591Z","message":"Switched database connection","connection_name":"main"}
{"severity":"INFO","time":"2024-04-22T13:27:44.595Z","message":"Checking state of dynamic postgres partitions","table_name":"p_ci_runner_machine_builds","connection_name":"main"}
{"severity":"DEBUG","time":"2024-04-22T13:27:44.601Z","message":"Switched database connection","connection_name":"main"}
{"severity":"INFO","time":"2024-04-22T13:27:44.604Z","message":"Checking state of dynamic postgres partitions","table_name":"p_ci_stages","connection_name":"main"}
{"severity":"DEBUG","time":"2024-04-22T13:27:44.610Z","message":"Switched database connection","connection_name":"main"}
{"severity":"INFO","time":"2024-04-22T13:27:44.613Z","message":"Checking state of dynamic postgres partitions","table_name":"p_ci_builds","connection_name":"main"}
{"severity":"DEBUG","time":"2024-04-22T13:27:44.620Z","message":"Switched database connection","connection_name":"main"}
{"severity":"DEBUG","time":"2024-04-22T13:27:44.620Z","message":"Switched database connection","connection_name":"main"}
{"severity":"DEBUG","time":"2024-04-22T13:27:44.620Z","message":"Switched database connection","connection_name":"main"}
{"severity":"DEBUG","time":"2024-04-22T13:27:44.621Z","message":"Switched database connection","connection_name":"main"}
{"severity":"DEBUG","time":"2024-04-22T13:27:44.621Z","message":"Switched database connection","connection_name":"main"}
{"severity":"DEBUG","time":"2024-04-22T13:27:44.621Z","message":"Switched database connection","connection_name":"main"}
{"severity":"DEBUG","time":"2024-04-22T13:27:44.621Z","message":"Switched database connection","connection_name":"main"}
{"severity":"INFO","time":"2024-04-22T13:27:44.622Z","message":"Finished sync of dynamic postgres partitions"}
{"severity":"DEBUG","time":"2024-04-22T13:27:52.005Z","message":"ActiveRecord connections disconnected"}
{"severity":"INFO","time":"2024-04-22T13:27:52.006Z","message":"Application boot finished","runtime":"puma","duration_s":27.74074362600004}
{"severity":"DEBUG","time":"2024-04-22T13:27:52.580Z","message":"ActiveRecord connection established"}
{"severity":"INFO","time":"2024-04-22T13:27:52.598Z","message":"started","memwd_handler_class":"Gitlab::Memory::Watchdog::Handlers::PumaHandler","memwd_sleep_time_s":60,"pid":5698,"worker_id":"puma_0","memwd_rss_bytes":850993152}
{"severity":"DEBUG","time":"2024-04-22T13:27:52.614Z","message":"ActiveRecord connection established"}
{"severity":"DEBUG","time":"2024-04-22T13:27:52.617Z","message":"ActiveRecord connection established"}
{"severity":"INFO","time":"2024-04-22T13:27:52.625Z","message":"Application boot finished","runtime":"sidekiq","duration_s":20.75951829299993}
{"severity":"DEBUG","time":"2024-04-22T13:27:52.639Z","message":"ActiveRecord connection established"}
{"severity":"DEBUG","time":"2024-04-22T13:27:52.642Z","message":"ActiveRecord connection established"}
{"severity":"INFO","time":"2024-04-22T13:27:52.646Z","message":"started","memwd_handler_class":"Gitlab::Memory::Watchdog::Handlers::PumaHandler","memwd_sleep_time_s":60,"pid":5705,"worker_id":"puma_1","memwd_rss_bytes":851050496}
{"severity":"INFO","time":"2024-04-22T13:27:52.646Z","message":"started","memwd_handler_class":"Gitlab::Memory::Watchdog::Handlers::PumaHandler","memwd_sleep_time_s":60,"pid":5707,"worker_id":"puma_2","memwd_rss_bytes":850972672}
{"severity":"INFO","time":"2024-04-22T13:27:52.665Z","message":"started","memwd_handler_class":"Gitlab::Memory::Watchdog::Handlers::PumaHandler","memwd_sleep_time_s":60,"pid":5714,"worker_id":"puma_3","memwd_rss_bytes":850018304}
{"severity":"INFO","time":"2024-04-22T13:27:52.667Z","message":"started","memwd_handler_class":"Gitlab::Memory::Watchdog::Handlers::PumaHandler","memwd_sleep_time_s":60,"pid":5716,"worker_id":"puma_4","memwd_rss_bytes":850960384}
{"severity":"DEBUG","time":"2024-04-22T13:27:52.671Z","message":"ActiveRecord connection established"}
{"severity":"INFO","time":"2024-04-22T13:27:52.688Z","message":"started","memwd_handler_class":"Gitlab::Memory::Watchdog::Handlers::PumaHandler","memwd_sleep_time_s":60,"pid":5718,"worker_id":"puma_5","memwd_rss_bytes":850968576}
{"severity":"DEBUG","time":"2024-04-22T13:28:24.753Z","message":"ActiveRecord connection established"}
{"severity":"INFO","time":"2024-04-22T13:28:25.700Z","message":"Syncing dynamic postgres partitions"}
{"severity":"DEBUG","time":"2024-04-22T13:28:25.796Z","message":"Switched database connection","connection_name":"main"}
{"severity":"INFO","time":"2024-04-22T13:28:25.843Z","message":"Checking state of dynamic postgres partitions","table_name":"audit_events","connection_name":"main"}
{"severity":"DEBUG","time":"2024-04-22T13:28:25.926Z","message":"Switched database connection","connection_name":"main"}
{"severity":"INFO","time":"2024-04-22T13:28:25.932Z","message":"Checking state of dynamic postgres partitions","table_name":"p_batched_git_ref_updates_deletions","connection_name":"main"}
{"severity":"DEBUG","time":"2024-04-22T13:28:25.971Z","message":"Switched database connection","connection_name":"ci"}
{"severity":"INFO","time":"2024-04-22T13:28:26.000Z","message":"Checking state of dynamic postgres partitions","table_name":"p_ci_builds_metadata","connection_name":"ci"}
{"severity":"DEBUG","time":"2024-04-22T13:28:26.051Z","message":"Switched database connection","connection_name":"ci"}
{"severity":"INFO","time":"2024-04-22T13:28:26.055Z","message":"Checking state of dynamic postgres partitions","table_name":"p_ci_build_names","connection_name":"ci"}
{"severity":"DEBUG","time":"2024-04-22T13:28:26.062Z","message":"Switched database connection","connection_name":"main"}
{"severity":"INFO","time":"2024-04-22T13:28:26.066Z","message":"Checking state of dynamic postgres partitions","table_name":"p_catalog_resource_component_usages","connection_name":"main"}
{"severity":"DEBUG","time":"2024-04-22T13:28:26.081Z","message":"Switched database connection","connection_name":"main"}
{"severity":"INFO","time":"2024-04-22T13:28:26.085Z","message":"Checking state of dynamic postgres partitions","table_name":"p_catalog_resource_sync_events","connection_name":"main"}
{"severity":"DEBUG","time":"2024-04-22T13:28:26.107Z","message":"Switched database connection","connection_name":"ci"}
{"severity":"INFO","time":"2024-04-22T13:28:26.111Z","message":"Checking state of dynamic postgres partitions","table_name":"p_ci_job_annotations","connection_name":"ci"}
{"severity":"DEBUG","time":"2024-04-22T13:28:26.116Z","message":"Switched database connection","connection_name":"ci"}
{"severity":"INFO","time":"2024-04-22T13:28:26.120Z","message":"Checking state of dynamic postgres partitions","table_name":"p_ci_job_artifacts","connection_name":"ci"}
{"severity":"DEBUG","time":"2024-04-22T13:28:26.125Z","message":"Switched database connection","connection_name":"ci"}
{"severity":"INFO","time":"2024-04-22T13:28:26.128Z","message":"Checking state of dynamic postgres partitions","table_name":"p_ci_pipeline_variables","connection_name":"ci"}
{"severity":"DEBUG","time":"2024-04-22T13:28:26.133Z","message":"Switched database connection","connection_name":"ci"}
{"severity":"INFO","time":"2024-04-22T13:28:26.136Z","message":"Checking state of dynamic postgres partitions","table_name":"p_ci_runner_machine_builds","connection_name":"ci"}
{"severity":"DEBUG","time":"2024-04-22T13:28:26.141Z","message":"Switched database connection","connection_name":"ci"}
{"severity":"INFO","time":"2024-04-22T13:28:26.145Z","message":"Checking state of dynamic postgres partitions","table_name":"p_ci_stages","connection_name":"ci"}
{"severity":"DEBUG","time":"2024-04-22T13:28:26.150Z","message":"Switched database connection","connection_name":"ci"}
{"severity":"INFO","time":"2024-04-22T13:28:26.153Z","message":"Checking state of dynamic postgres partitions","table_name":"p_ci_builds","connection_name":"ci"}
{"severity":"DEBUG","time":"2024-04-22T13:28:26.160Z","message":"Switched database connection","connection_name":"main"}
{"severity":"INFO","time":"2024-04-22T13:28:26.163Z","message":"Checking state of dynamic postgres partitions","table_name":"batched_background_migration_job_transition_logs","connection_name":"main"}
{"severity":"DEBUG","time":"2024-04-22T13:28:26.175Z","message":"Switched database connection","connection_name":"ci"}
{"severity":"INFO","time":"2024-04-22T13:28:26.178Z","message":"Checking state of dynamic postgres partitions","table_name":"batched_background_migration_job_transition_logs","connection_name":"ci"}
{"severity":"DEBUG","time":"2024-04-22T13:28:26.189Z","message":"Switched database connection","connection_name":"main"}
{"severity":"INFO","time":"2024-04-22T13:28:26.193Z","message":"Checking state of dynamic postgres partitions","table_name":"loose_foreign_keys_deleted_records","connection_name":"main"}
{"severity":"DEBUG","time":"2024-04-22T13:28:26.214Z","message":"Switched database connection","connection_name":"ci"}
{"severity":"INFO","time":"2024-04-22T13:28:26.218Z","message":"Checking state of dynamic postgres partitions","table_name":"loose_foreign_keys_deleted_records","connection_name":"ci"}
{"severity":"DEBUG","time":"2024-04-22T13:28:26.246Z","message":"Switched database connection","connection_name":"main"}
{"severity":"INFO","time":"2024-04-22T13:28:26.250Z","message":"Checking state of dynamic postgres partitions","table_name":"groups_visits","connection_name":"main"}
{"severity":"DEBUG","time":"2024-04-22T13:28:26.263Z","message":"Switched database connection","connection_name":"main"}
{"severity":"INFO","time":"2024-04-22T13:28:26.267Z","message":"Checking state of dynamic postgres partitions","table_name":"projects_visits","connection_name":"main"}
{"severity":"DEBUG","time":"2024-04-22T13:28:26.281Z","message":"Switched database connection","connection_name":"main"}
{"severity":"INFO","time":"2024-04-22T13:28:26.293Z","message":"Checking state of dynamic postgres partitions","table_name":"web_hook_logs","connection_name":"main"}
{"severity":"DEBUG","time":"2024-04-22T13:28:26.303Z","message":"Switched database connection","connection_name":"main"}
{"severity":"INFO","time":"2024-04-22T13:28:26.306Z","message":"Checking state of dynamic postgres partitions","table_name":"incident_management_pending_alert_escalations","connection_name":"main"}
{"severity":"DEBUG","time":"2024-04-22T13:28:26.315Z","message":"Switched database connection","connection_name":"main"}
{"severity":"INFO","time":"2024-04-22T13:28:26.319Z","message":"Checking state of dynamic postgres partitions","table_name":"incident_management_pending_issue_escalations","connection_name":"main"}
{"severity":"DEBUG","time":"2024-04-22T13:28:26.328Z","message":"Switched database connection","connection_name":"main"}
{"severity":"INFO","time":"2024-04-22T13:28:26.331Z","message":"Checking state of dynamic postgres partitions","table_name":"verification_codes","connection_name":"main"}
{"severity":"DEBUG","time":"2024-04-22T13:28:26.340Z","message":"Switched database connection","connection_name":"main"}
{"severity":"INFO","time":"2024-04-22T13:28:26.344Z","message":"Checking state of dynamic postgres partitions","table_name":"merge_request_diff_commits_b5377a7a34","connection_name":"main"}
{"severity":"DEBUG","time":"2024-04-22T13:28:26.358Z","message":"Switched database connection","connection_name":"main"}
{"severity":"DEBUG","time":"2024-04-22T13:28:26.358Z","message":"Switched database connection","connection_name":"main"}
{"severity":"DEBUG","time":"2024-04-22T13:28:26.359Z","message":"Switched database connection","connection_name":"main"}
{"severity":"INFO","time":"2024-04-22T13:28:26.362Z","message":"Checking state of dynamic postgres partitions","table_name":"p_ci_builds_metadata","connection_name":"main"}
{"severity":"DEBUG","time":"2024-04-22T13:28:26.367Z","message":"Switched database connection","connection_name":"main"}
{"severity":"INFO","time":"2024-04-22T13:28:26.370Z","message":"Checking state of dynamic postgres partitions","table_name":"p_ci_build_names","connection_name":"main"}
{"severity":"DEBUG","time":"2024-04-22T13:28:26.375Z","message":"Switched database connection","connection_name":"main"}
{"severity":"DEBUG","time":"2024-04-22T13:28:26.375Z","message":"Switched database connection","connection_name":"main"}
{"severity":"DEBUG","time":"2024-04-22T13:28:26.375Z","message":"Switched database connection","connection_name":"main"}
{"severity":"INFO","time":"2024-04-22T13:28:26.379Z","message":"Checking state of dynamic postgres partitions","table_name":"p_ci_job_annotations","connection_name":"main"}
{"severity":"DEBUG","time":"2024-04-22T13:28:26.384Z","message":"Switched database connection","connection_name":"main"}
{"severity":"INFO","time":"2024-04-22T13:28:26.387Z","message":"Checking state of dynamic postgres partitions","table_name":"p_ci_job_artifacts","connection_name":"main"}
{"severity":"DEBUG","time":"2024-04-22T13:28:26.392Z","message":"Switched database connection","connection_name":"main"}
{"severity":"INFO","time":"2024-04-22T13:28:26.395Z","message":"Checking state of dynamic postgres partitions","table_name":"p_ci_pipeline_variables","connection_name":"main"}
{"severity":"DEBUG","time":"2024-04-22T13:28:26.399Z","message":"Switched database connection","connection_name":"main"}
{"severity":"INFO","time":"2024-04-22T13:28:26.402Z","message":"Checking state of dynamic postgres partitions","table_name":"p_ci_runner_machine_builds","connection_name":"main"}
{"severity":"DEBUG","time":"2024-04-22T13:28:26.407Z","message":"Switched database connection","connection_name":"main"}
{"severity":"INFO","time":"2024-04-22T13:28:26.410Z","message":"Checking state of dynamic postgres partitions","table_name":"p_ci_stages","connection_name":"main"}
{"severity":"DEBUG","time":"2024-04-22T13:28:26.415Z","message":"Switched database connection","connection_name":"main"}
{"severity":"INFO","time":"2024-04-22T13:28:26.418Z","message":"Checking state of dynamic postgres partitions","table_name":"p_ci_builds","connection_name":"main"}
{"severity":"DEBUG","time":"2024-04-22T13:28:26.423Z","message":"Switched database connection","connection_name":"main"}
{"severity":"DEBUG","time":"2024-04-22T13:28:26.423Z","message":"Switched database connection","connection_name":"main"}
{"severity":"DEBUG","time":"2024-04-22T13:28:26.423Z","message":"Switched database connection","connection_name":"main"}
{"severity":"DEBUG","time":"2024-04-22T13:28:26.423Z","message":"Switched database connection","connection_name":"main"}
{"severity":"DEBUG","time":"2024-04-22T13:28:26.424Z","message":"Switched database connection","connection_name":"main"}
{"severity":"DEBUG","time":"2024-04-22T13:28:26.424Z","message":"Switched database connection","connection_name":"main"}
{"severity":"DEBUG","time":"2024-04-22T13:28:26.424Z","message":"Switched database connection","connection_name":"main"}
{"severity":"INFO","time":"2024-04-22T13:28:26.425Z","message":"Finished sync of dynamic postgres partitions"}
{"severity":"INFO","time":"2024-04-22T13:33:18.686Z","correlation_id":"01HW305KCYZQ40XSCPCTA0M0DB","meta.caller_id":"SessionsController#create","meta.remote_ip":"192.168.65.1","meta.feature_category":"system_access","meta.user":"root","meta.user_id":1,"meta.client_id":"user/1","message":"Successful Login: username=root ip=192.168.65.1 method=standard admin=true"}
{"severity":"INFO","time":"2024-04-22T14:00:04.980Z","meta.caller_id":"StuckCiJobsWorker","correlation_id":"343653041bdf65a67a58cbd7f038ce8f","meta.root_caller_id":"Cronjob","meta.feature_category":"continuous_integration","meta.client_id":"ip/","message":"Ci::StuckBuilds::DropPendingService: Cleaning pending timed-out builds"}
